/app/.venv/lib/python3.12/site-packages/flask/cli.py:517: UserWarning: pkg_resources is deprecated as an API. See https://setuptools.pypa.io/en/latest/pkg_resources.html. The pkg_resources package is slated for removal as early as 2025-11-30. Refrain from using this package or pin to Setuptools<81.
  import pkg_resources
 * Environment: production
   WARNING: This is a development server. Do not use it in a production deployment.
   Use a production WSGI server instead.
 * Debug mode: off
>>> URL: http://localhost
WARNING: Use a temp directory for GNUPGHOME /tmp/hvhkgvzphmxhkntnclgc
Upload files to local dir
Traceback (most recent call last):
  File "/app/.venv/lib/python3.12/site-packages/sqlalchemy/engine/base.py", line 2336, in _wrap_pool_connect
    return fn()
           ^^^^
  File "/app/.venv/lib/python3.12/site-packages/sqlalchemy/pool/base.py", line 304, in unique_connection
    return _ConnectionFairy._checkout(self)
           ^^^^^^^^^^^^^^^^^^^^^^^^^^^^^^^^
  File "/app/.venv/lib/python3.12/site-packages/sqlalchemy/pool/base.py", line 778, in _checkout
    fairy = _ConnectionRecord.checkout(pool)
            ^^^^^^^^^^^^^^^^^^^^^^^^^^^^^^^^
  File "/app/.venv/lib/python3.12/site-packages/sqlalchemy/pool/base.py", line 495, in checkout
    rec = pool._do_get()
          ^^^^^^^^^^^^^^
  File "/app/.venv/lib/python3.12/site-packages/sqlalchemy/pool/impl.py", line 139, in _do_get
    with util.safe_reraise():
         ^^^^^^^^^^^^^^^^^^^
  File "/app/.venv/lib/python3.12/site-packages/sqlalchemy/util/langhelpers.py", line 68, in __exit__
    compat.raise_(
  File "/app/.venv/lib/python3.12/site-packages/sqlalchemy/util/compat.py", line 182, in raise_
    raise exception
  File "/app/.venv/lib/python3.12/site-packages/sqlalchemy/pool/impl.py", line 137, in _do_get
    return self._create_connection()
           ^^^^^^^^^^^^^^^^^^^^^^^^^
  File "/app/.venv/lib/python3.12/site-packages/sqlalchemy/pool/base.py", line 309, in _create_connection
    return _ConnectionRecord(self)
           ^^^^^^^^^^^^^^^^^^^^^^^
  File "/app/.venv/lib/python3.12/site-packages/sqlalchemy/pool/base.py", line 440, in __init__
    self.__connect(first_connect_check=True)
  File "/app/.venv/lib/python3.12/site-packages/sqlalchemy/pool/base.py", line 660, in __connect
    with util.safe_reraise():
         ^^^^^^^^^^^^^^^^^^^
  File "/app/.venv/lib/python3.12/site-packages/sqlalchemy/util/langhelpers.py", line 68, in __exit__
    compat.raise_(
  File "/app/.venv/lib/python3.12/site-packages/sqlalchemy/util/compat.py", line 182, in raise_
    raise exception
  File "/app/.venv/lib/python3.12/site-packages/sqlalchemy/pool/base.py", line 656, in __connect
    connection = pool._invoke_creator(self)
                 ^^^^^^^^^^^^^^^^^^^^^^^^^^
  File "/app/.venv/lib/python3.12/site-packages/sqlalchemy/engine/strategies.py", line 114, in connect
    return dialect.connect(*cargs, **cparams)
           ^^^^^^^^^^^^^^^^^^^^^^^^^^^^^^^^^^
  File "/app/.venv/lib/python3.12/site-packages/sqlalchemy/engine/default.py", line 508, in connect
    return self.dbapi.connect(*cargs, **cparams)
           ^^^^^^^^^^^^^^^^^^^^^^^^^^^^^^^^^^^^^
  File "/app/.venv/lib/python3.12/site-packages/psycopg2/__init__.py", line 122, in connect
    conn = _connect(dsn, connection_factory=connection_factory, **kwasync)
           ^^^^^^^^^^^^^^^^^^^^^^^^^^^^^^^^^^^^^^^^^^^^^^^^^^^^^^^^^^^^^^^
psycopg2.OperationalError: connection to server at "localhost" (::1), port 15432 failed: Connection refused
	Is the server running on that host and accepting TCP/IP connections?
connection to server at "localhost" (127.0.0.1), port 15432 failed: Connection refused
	Is the server running on that host and accepting TCP/IP connections?


The above exception was the direct cause of the following exception:

Traceback (most recent call last):
  File "/app/.venv/bin/flask", line 10, in <module>
    sys.exit(main())
             ^^^^^^
  File "/app/.venv/lib/python3.12/site-packages/flask/cli.py", line 967, in main
    cli.main(args=sys.argv[1:], prog_name="python -m flask" if as_module else None)
  File "/app/.venv/lib/python3.12/site-packages/flask/cli.py", line 586, in main
    return super(FlaskGroup, self).main(*args, **kwargs)
           ^^^^^^^^^^^^^^^^^^^^^^^^^^^^^^^^^^^^^^^^^^^^^
  File "/app/.venv/lib/python3.12/site-packages/click/core.py", line 1406, in main
    rv = self.invoke(ctx)
         ^^^^^^^^^^^^^^^^
  File "/app/.venv/lib/python3.12/site-packages/click/core.py", line 1873, in invoke
    return _process_result(sub_ctx.command.invoke(sub_ctx))
                           ^^^^^^^^^^^^^^^^^^^^^^^^^^^^^^^
  File "/app/.venv/lib/python3.12/site-packages/click/core.py", line 1269, in invoke
    return ctx.invoke(self.callback, **ctx.params)
           ^^^^^^^^^^^^^^^^^^^^^^^^^^^^^^^^^^^^^^^
  File "/app/.venv/lib/python3.12/site-packages/click/core.py", line 824, in invoke
    return callback(*args, **kwargs)
           ^^^^^^^^^^^^^^^^^^^^^^^^^
  File "/app/.venv/lib/python3.12/site-packages/click/decorators.py", line 93, in new_func
    return ctx.invoke(f, obj, *args, **kwargs)
           ^^^^^^^^^^^^^^^^^^^^^^^^^^^^^^^^^^^
  File "/app/.venv/lib/python3.12/site-packages/click/core.py", line 824, in invoke
    return callback(*args, **kwargs)
           ^^^^^^^^^^^^^^^^^^^^^^^^^
  File "/app/.venv/lib/python3.12/site-packages/flask/cli.py", line 848, in run_command
    app = DispatchingApp(info.load_app, use_eager_loading=eager_loading)
          ^^^^^^^^^^^^^^^^^^^^^^^^^^^^^^^^^^^^^^^^^^^^^^^^^^^^^^^^^^^^^^
  File "/app/.venv/lib/python3.12/site-packages/flask/cli.py", line 305, in __init__
    self._load_unlocked()
  File "/app/.venv/lib/python3.12/site-packages/flask/cli.py", line 330, in _load_unlocked
    self._app = rv = self.loader()
                     ^^^^^^^^^^^^^
  File "/app/.venv/lib/python3.12/site-packages/flask/cli.py", line 392, in load_app
    app = locate_app(self, import_name, None, raise_if_not_found=False)
          ^^^^^^^^^^^^^^^^^^^^^^^^^^^^^^^^^^^^^^^^^^^^^^^^^^^^^^^^^^^^^
  File "/app/.venv/lib/python3.12/site-packages/flask/cli.py", line 240, in locate_app
    __import__(module_name)
  File "/app/wsgi.py", line 1, in <module>
    from server import create_app
  File "/app/server.py", line 30, in <module>
    from app.admin import init_admin
  File "/app/app/admin/__init__.py", line 3, in <module>
    from app.admin.index import init_admin
  File "/app/app/admin/index.py", line 4, in <module>
    from app.db import Session
  File "/app/app/db.py", line 12, in <module>
    connection = engine.connect()
                 ^^^^^^^^^^^^^^^^
  File "/app/.venv/lib/python3.12/site-packages/sqlalchemy/engine/base.py", line 2263, in connect
    return self._connection_cls(self, **kwargs)
           ^^^^^^^^^^^^^^^^^^^^^^^^^^^^^^^^^^^^
  File "/app/.venv/lib/python3.12/site-packages/sqlalchemy/engine/base.py", line 104, in __init__
    else engine.raw_connection()
         ^^^^^^^^^^^^^^^^^^^^^^^
  File "/app/.venv/lib/python3.12/site-packages/sqlalchemy/engine/base.py", line 2369, in raw_connection
    return self._wrap_pool_connect(
           ^^^^^^^^^^^^^^^^^^^^^^^^
  File "/app/.venv/lib/python3.12/site-packages/sqlalchemy/engine/base.py", line 2339, in _wrap_pool_connect
    Connection._handle_dbapi_exception_noconnection(
  File "/app/.venv/lib/python3.12/site-packages/sqlalchemy/engine/base.py", line 1583, in _handle_dbapi_exception_noconnection
    util.raise_(
  File "/app/.venv/lib/python3.12/site-packages/sqlalchemy/util/compat.py", line 182, in raise_
    raise exception
  File "/app/.venv/lib/python3.12/site-packages/sqlalchemy/engine/base.py", line 2336, in _wrap_pool_connect
    return fn()
           ^^^^
  File "/app/.venv/lib/python3.12/site-packages/sqlalchemy/pool/base.py", line 304, in unique_connection
    return _ConnectionFairy._checkout(self)
           ^^^^^^^^^^^^^^^^^^^^^^^^^^^^^^^^
  File "/app/.venv/lib/python3.12/site-packages/sqlalchemy/pool/base.py", line 778, in _checkout
    fairy = _ConnectionRecord.checkout(pool)
            ^^^^^^^^^^^^^^^^^^^^^^^^^^^^^^^^
  File "/app/.venv/lib/python3.12/site-packages/sqlalchemy/pool/base.py", line 495, in checkout
    rec = pool._do_get()
          ^^^^^^^^^^^^^^
  File "/app/.venv/lib/python3.12/site-packages/sqlalchemy/pool/impl.py", line 139, in _do_get
    with util.safe_reraise():
         ^^^^^^^^^^^^^^^^^^^
  File "/app/.venv/lib/python3.12/site-packages/sqlalchemy/util/langhelpers.py", line 68, in __exit__
    compat.raise_(
  File "/app/.venv/lib/python3.12/site-packages/sqlalchemy/util/compat.py", line 182, in raise_
    raise exception
  File "/app/.venv/lib/python3.12/site-packages/sqlalchemy/pool/impl.py", line 137, in _do_get
    return self._create_connection()
           ^^^^^^^^^^^^^^^^^^^^^^^^^
  File "/app/.venv/lib/python3.12/site-packages/sqlalchemy/pool/base.py", line 309, in _create_connection
    return _ConnectionRecord(self)
           ^^^^^^^^^^^^^^^^^^^^^^^
  File "/app/.venv/lib/python3.12/site-packages/sqlalchemy/pool/base.py", line 440, in __init__
    self.__connect(first_connect_check=True)
  File "/app/.venv/lib/python3.12/site-packages/sqlalchemy/pool/base.py", line 660, in __connect
    with util.safe_reraise():
         ^^^^^^^^^^^^^^^^^^^
  File "/app/.venv/lib/python3.12/site-packages/sqlalchemy/util/langhelpers.py", line 68, in __exit__
    compat.raise_(
  File "/app/.venv/lib/python3.12/site-packages/sqlalchemy/util/compat.py", line 182, in raise_
    raise exception
  File "/app/.venv/lib/python3.12/site-packages/sqlalchemy/pool/base.py", line 656, in __connect
    connection = pool._invoke_creator(self)
                 ^^^^^^^^^^^^^^^^^^^^^^^^^^
  File "/app/.venv/lib/python3.12/site-packages/sqlalchemy/engine/strategies.py", line 114, in connect
    return dialect.connect(*cargs, **cparams)
           ^^^^^^^^^^^^^^^^^^^^^^^^^^^^^^^^^^
  File "/app/.venv/lib/python3.12/site-packages/sqlalchemy/engine/default.py", line 508, in connect
    return self.dbapi.connect(*cargs, **cparams)
           ^^^^^^^^^^^^^^^^^^^^^^^^^^^^^^^^^^^^^
  File "/app/.venv/lib/python3.12/site-packages/psycopg2/__init__.py", line 122, in connect
    conn = _connect(dsn, connection_factory=connection_factory, **kwasync)
           ^^^^^^^^^^^^^^^^^^^^^^^^^^^^^^^^^^^^^^^^^^^^^^^^^^^^^^^^^^^^^^^
sqlalchemy.exc.OperationalError: (psycopg2.OperationalError) connection to server at "localhost" (::1), port 15432 failed: Connection refused
	Is the server running on that host and accepting TCP/IP connections?
connection to server at "localhost" (127.0.0.1), port 15432 failed: Connection refused
	Is the server running on that host and accepting TCP/IP connections?

(Background on this error at: http://sqlalche.me/e/13/e3q8)
